<?xml version="1.0" encoding="utf-8"?><testsuites name="pytest tests"><testsuite name="pytest" errors="0" failures="0" skipped="0" tests="18" time="1.703" timestamp="2026-01-26T06:00:47.409824+00:00" hostname="agent-env-c1453143-3dae-4035-94d0-32e2926d7825"><testcase classname="backend.tests.test_dental_clinic_api.TestHealthAndRoot" name="test_api_root" time="0.108" /><testcase classname="backend.tests.test_dental_clinic_api.TestAdminAuthentication" name="test_admin_login_success" time="0.057" /><testcase classname="backend.tests.test_dental_clinic_api.TestAdminAuthentication" name="test_admin_login_wrong_username" time="0.052" /><testcase classname="backend.tests.test_dental_clinic_api.TestAdminAuthentication" name="test_admin_login_wrong_password" time="0.049" /><testcase classname="backend.tests.test_dental_clinic_api.TestAdminAuthentication" name="test_admin_login_empty_credentials" time="0.047" /><testcase classname="backend.tests.test_dental_clinic_api.TestAppointments" name="test_create_appointment" time="0.074" /><testcase classname="backend.tests.test_dental_clinic_api.TestAppointments" name="test_create_appointment_missing_required_fields" time="0.045" /><testcase classname="backend.tests.test_dental_clinic_api.TestAppointments" name="test_create_appointment_invalid_phone" time="0.050" /><testcase classname="backend.tests.test_dental_clinic_api.TestAppointments" name="test_get_appointments" time="0.051" /><testcase classname="backend.tests.test_dental_clinic_api.TestAppointments" name="test_get_appointments_with_status_filter" time="0.050" /><testcase classname="backend.tests.test_dental_clinic_api.TestAppointments" name="test_create_and_get_appointment" time="0.100" /><testcase classname="backend.tests.test_dental_clinic_api.TestAppointments" name="test_update_appointment_status" time="0.145" /><testcase classname="backend.tests.test_dental_clinic_api.TestAppointments" name="test_update_appointment_invalid_status" time="0.098" /><testcase classname="backend.tests.test_dental_clinic_api.TestAppointments" name="test_delete_appointment" time="0.150" /><testcase classname="backend.tests.test_dental_clinic_api.TestAppointments" name="test_get_nonexistent_appointment" time="0.051" /><testcase classname="backend.tests.test_dental_clinic_api.TestAppointments" name="test_delete_nonexistent_appointment" time="0.048" /><testcase classname="backend.tests.test_dental_clinic_api.TestStatusEndpoint" name="test_create_status_check" time="0.088" /><testcase classname="backend.tests.test_dental_clinic_api.TestStatusEndpoint" name="test_get_status_checks" time="0.298" /></testsuite></testsuites>